<?xml version="1.0" encoding="UTF-8"?>
<testng-results ignored="0" total="1" passed="1" failed="0" skipped="0">
  <reporter-output>
  </reporter-output>
  <suite started-at="2020-01-29T17:10:45 ICT" name="ImageLink" finished-at="2020-01-29T17:11:01 ICT" duration-ms="16040">
    <groups>
    </groups>
    <test started-at="2020-01-29T17:10:45 ICT" name="Command line test" finished-at="2020-01-29T17:11:01 ICT" duration-ms="16040">
      <class name="ImageLink">
        <test-method is-config="true" signature="setUp()[pri:0, instance:ImageLink@6572421]" started-at="2020-01-29T17:10:45 ICT" name="setUp" finished-at="2020-01-29T17:10:52 ICT" duration-ms="7067" status="PASS">
          <reporter-output>
          </reporter-output>
        </test-method> <!-- setUp -->
        <test-method signature="checkImageLink()[pri:0, instance:ImageLink@6572421]" started-at="2020-01-29T17:10:52 ICT" name="checkImageLink" finished-at="2020-01-29T17:11:01 ICT" duration-ms="8852" status="PASS">
          <reporter-output>
          </reporter-output>
        </test-method> <!-- checkImageLink -->
        <test-method is-config="true" signature="tearDown()[pri:0, instance:ImageLink@6572421]" started-at="2020-01-29T17:11:01 ICT" name="tearDown" finished-at="2020-01-29T17:11:01 ICT" duration-ms="92" status="PASS">
          <reporter-output>
          </reporter-output>
        </test-method> <!-- tearDown -->
      </class> <!-- ImageLink -->
    </test> <!-- Command line test -->
  </suite> <!-- ImageLink -->
</testng-results>
